<?xml version="1.0" encoding="UTF-8"?>
<!-- Generated by org.testng.reporters.JUnitReportReporter -->
<testsuite skipped="0" hostname="LAPTOP-PP7LTPN0" name="com.demoaut.newtours.TestScripts.VerifyInvalidCredentialsTest" tests="1" failures="0" timestamp="25 Aug 2019 16:45:09 GMT" time="26.608" errors="0">
  <testcase name="verifyInvalidLoginTest" time="26.608" classname="com.demoaut.newtours.TestScripts.VerifyInvalidCredentialsTest"/>
</testsuite> <!-- com.demoaut.newtours.TestScripts.VerifyInvalidCredentialsTest -->
