<?xml version="1.0" encoding="UTF-8"?>
<!-- Generated by org.testng.reporters.JUnitReportReporter -->
<testsuite skipped="0" hostname="LAPTOP-PP7LTPN0" name="kdf.Application" tests="1" failures="0" timestamp="31 Aug 2019 17:10:00 GMT" time="72.830" errors="0">
  <testcase name="verifyInvalidLogin" time="72.830" classname="kdf.Application"/>
</testsuite> <!-- kdf.Application -->
